2023-06-20T00:55:01.721+03:00  INFO 10846 --- [restartedMain] d.o.ecommerce.EcommerceApplication       : Starting EcommerceApplication using Java 19.0.2 with PID 10846 (/Users/onur/Developer/ecommerce/target/classes started by onur in /Users/onur/Developer/ecommerce)
2023-06-20T00:55:01.722+03:00  INFO 10846 --- [restartedMain] d.o.ecommerce.EcommerceApplication       : No active profile set, falling back to 1 default profile: "default"
2023-06-20T00:55:01.747+03:00  INFO 10846 --- [restartedMain] .e.DevToolsPropertyDefaultsPostProcessor : Devtools property defaults active! Set 'spring.devtools.add-properties' to 'false' to disable
2023-06-20T00:55:01.748+03:00  INFO 10846 --- [restartedMain] .e.DevToolsPropertyDefaultsPostProcessor : For additional web related logging consider setting the 'logging.level.web' property to 'DEBUG'
2023-06-20T00:55:02.094+03:00  INFO 10846 --- [restartedMain] .s.d.r.c.RepositoryConfigurationDelegate : Bootstrapping Spring Data JPA repositories in DEFAULT mode.
2023-06-20T00:55:02.121+03:00  INFO 10846 --- [restartedMain] .s.d.r.c.RepositoryConfigurationDelegate : Finished Spring Data repository scanning in 23 ms. Found 4 JPA repository interfaces.
2023-06-20T00:55:02.424+03:00  INFO 10846 --- [restartedMain] o.s.b.w.embedded.tomcat.TomcatWebServer  : Tomcat initialized with port(s): 8080 (http)
2023-06-20T00:55:02.430+03:00  INFO 10846 --- [restartedMain] o.apache.catalina.core.StandardService   : Starting service [Tomcat]
2023-06-20T00:55:02.430+03:00  INFO 10846 --- [restartedMain] o.apache.catalina.core.StandardEngine    : Starting Servlet engine: [Apache Tomcat/10.1.8]
2023-06-20T00:55:02.460+03:00  INFO 10846 --- [restartedMain] o.a.c.c.C.[Tomcat].[localhost].[/]       : Initializing Spring embedded WebApplicationContext
2023-06-20T00:55:02.460+03:00  INFO 10846 --- [restartedMain] w.s.c.ServletWebServerApplicationContext : Root WebApplicationContext: initialization completed in 712 ms
2023-06-20T00:55:02.525+03:00  INFO 10846 --- [restartedMain] o.hibernate.jpa.internal.util.LogHelper  : HHH000204: Processing PersistenceUnitInfo [name: default]
2023-06-20T00:55:02.544+03:00  INFO 10846 --- [restartedMain] org.hibernate.Version                    : HHH000412: Hibernate ORM core version 6.2.2.Final
2023-06-20T00:55:02.545+03:00  INFO 10846 --- [restartedMain] org.hibernate.cfg.Environment            : HHH000406: Using bytecode reflection optimizer
2023-06-20T00:55:02.593+03:00  INFO 10846 --- [restartedMain] o.h.b.i.BytecodeProviderInitiator        : HHH000021: Bytecode provider name : bytebuddy
2023-06-20T00:55:02.644+03:00  INFO 10846 --- [restartedMain] o.s.o.j.p.SpringPersistenceUnitInfo      : No LoadTimeWeaver setup: ignoring JPA class transformer
2023-06-20T00:55:02.652+03:00  INFO 10846 --- [restartedMain] com.zaxxer.hikari.HikariDataSource       : HikariPool-1 - Starting...
2023-06-20T00:55:04.854+03:00  INFO 10846 --- [restartedMain] com.zaxxer.hikari.pool.HikariPool        : HikariPool-1 - Added connection org.postgresql.jdbc.PgConnection@160b2519
2023-06-20T00:55:04.859+03:00  INFO 10846 --- [restartedMain] com.zaxxer.hikari.HikariDataSource       : HikariPool-1 - Start completed.
2023-06-20T00:55:05.115+03:00  INFO 10846 --- [restartedMain] org.hibernate.orm.dialect                : HHH035001: Using dialect: org.hibernate.dialect.PostgreSQLDialect, version: org.hibernate.engine.jdbc.env.internal.JdbcEnvironmentInitiator$DialectResolutionInfoImpl@5f7f6895
2023-06-20T00:55:05.677+03:00  INFO 10846 --- [restartedMain] o.h.b.i.BytecodeProviderInitiator        : HHH000021: Bytecode provider name : bytebuddy
2023-06-20T00:55:05.981+03:00  INFO 10846 --- [restartedMain] o.h.e.t.j.p.i.JtaPlatformInitiator       : HHH000490: Using JtaPlatform implementation: [org.hibernate.engine.transaction.jta.platform.internal.NoJtaPlatform]
2023-06-20T00:55:10.820+03:00  INFO 10846 --- [restartedMain] j.LocalContainerEntityManagerFactoryBean : Initialized JPA EntityManagerFactory for persistence unit 'default'
2023-06-20T00:55:11.096+03:00  INFO 10846 --- [restartedMain] o.s.d.j.r.query.QueryEnhancerFactory     : Hibernate is in classpath; If applicable, HQL parser will be used.
2023-06-20T00:55:11.391+03:00  WARN 10846 --- [restartedMain] JpaBaseConfiguration$JpaWebConfiguration : spring.jpa.open-in-view is enabled by default. Therefore, database queries may be performed during view rendering. Explicitly configure spring.jpa.open-in-view to disable this warning
2023-06-20T00:55:11.578+03:00  INFO 10846 --- [restartedMain] o.s.s.web.DefaultSecurityFilterChain     : Will secure any request with [org.springframework.security.web.session.DisableEncodeUrlFilter@481e46fe, org.springframework.security.web.context.request.async.WebAsyncManagerIntegrationFilter@7ca7ebff, org.springframework.security.web.context.SecurityContextHolderFilter@3fcf897f, org.springframework.security.web.header.HeaderWriterFilter@42310fd6, org.springframework.security.web.authentication.logout.LogoutFilter@6753b17f, dev.onurcakir.ecommerce.security.jwt.AuthTokenFilter@7f3bd619, org.springframework.security.web.savedrequest.RequestCacheAwareFilter@20f474dd, org.springframework.security.web.servletapi.SecurityContextHolderAwareRequestFilter@6fc46a9e, org.springframework.security.web.authentication.AnonymousAuthenticationFilter@3d522ecf, org.springframework.security.web.session.SessionManagementFilter@673b9ef7, org.springframework.security.web.access.ExceptionTranslationFilter@322475f0, org.springframework.security.web.access.intercept.FilterSecurityInterceptor@1704712b]
2023-06-20T00:55:11.774+03:00  INFO 10846 --- [restartedMain] o.s.b.d.a.OptionalLiveReloadServer       : LiveReload server is running on port 35729
2023-06-20T00:55:11.793+03:00  INFO 10846 --- [restartedMain] o.s.b.w.embedded.tomcat.TomcatWebServer  : Tomcat started on port(s): 8080 (http) with context path ''
2023-06-20T00:55:11.799+03:00  INFO 10846 --- [restartedMain] d.o.ecommerce.EcommerceApplication       : Started EcommerceApplication in 10.285 seconds (process running for 10.61)
2023-06-20T00:56:41.103+03:00  INFO 10846 --- [SpringApplicationShutdownHook] j.LocalContainerEntityManagerFactoryBean : Closing JPA EntityManagerFactory for persistence unit 'default'
2023-06-20T00:56:41.105+03:00  INFO 10846 --- [SpringApplicationShutdownHook] com.zaxxer.hikari.HikariDataSource       : HikariPool-1 - Shutdown initiated...
2023-06-20T00:56:43.348+03:00  INFO 10846 --- [SpringApplicationShutdownHook] com.zaxxer.hikari.HikariDataSource       : HikariPool-1 - Shutdown completed.
